--Dialog start
Enter production units count:
3
Enter solutions count:
3
Enter efficiency matrix:
0.25 0.35 0.4 
0.7 0.2 0.3 
0.8 0.1 0.35 
Enter probabilities of production units:
0.5 0.3 0.2 
Enter optimism coefficient:
0.5
Best Bayes solution: 3
Best Wald solution: 1
Best Savage solution: 2
Best Hurwitz solution: 3
--Dialog end

--Dialog start
Enter production units count:
3
Enter solutions count:
4
Enter efficiency matrix:
0.15 0.6 0.4 
0.5 0.25 0.65 
0.3 0.75 0.35 
0.85 0.1 0.2 
Enter probabilities of production units:
0.2 0.5 0.3 
Enter optimism coefficient:
0.5
Best Bayes solution: 3
Best Wald solution: 3
Best Savage solution: 2
Best Hurwitz solution: 3
--Dialog end

--Dialog start
Enter production units count:
3
Enter solutions count:
4
Enter efficiency matrix:
0.15 0.6 0.4 
0.5 0.25 0.65 
0.3 0.75 0.35 
0.85 0.1 0.2 
Enter probabilities of production units:
0.2 0.5 0.3 
Enter optimism coefficient:
0.5
Best Bayes solution: 3
Best Wald solution: 3
Best Savage solution: 2
Best Hurwitz solution: 3
--Dialog end

--Dialog start
Enter production units count:
3
Enter solutions count:
3
Enter efficiency matrix:
0.25 0.35 0.4 
0.7 0.2 0.3 
0.8 0.1 0.35 
Enter probabilities of production units:
0.5 0.3 0.2 
Enter optimism coefficient:
0.5
Best Bayes solution: 3
Best Wald solution: 1
Best Savage solution: 2
Best Hurwitz solution: 3
--Dialog end

